# JRE version: OpenJDK Runtime Environment (16.0.1+9) (build 16.0.1+9-24)
# Java VM: OpenJDK 64-Bit Server VM (16.0.1+9-24, mixed mode, sharing, tiered, compressed oops, compressed class ptrs, g1 gc, bsd-amd64)
GC Precious Log:
 CPUs: 4 total, 4 available
 Memory: 8192M
 Large Page Support: Disabled
 NUMA Support: Disabled
 Compressed Oops: Enabled (Zero based)
 Heap Region Size: 1M
 Heap Min Capacity: 8M
 Heap Initial Capacity: 128M
 Heap Max Capacity: 2G
 Pre-touch: Disabled
 Parallel Workers: 4
 Concurrent Workers: 1
 Concurrent Refinement Workers: 4
 Periodic GC: Disabled
Heap:
 garbage-first heap   total 86016K, used 71649K [0x0000000780000000, 0x0000000800000000)
  region size 1024K, 50 young (51200K), 5 survivors (5120K)
 Metaspace       used 27016K, committed 27328K, reserved 1073152K
  class space    used 3635K, committed 3776K, reserved 1048576K
GC Heap History (8 events):
Event: 0.942 GC heap before
{Heap before GC invocations=0 (full 0):
 garbage-first heap   total 133120K, used 14280K [0x0000000780000000, 0x0000000800000000)
  region size 1024K, 13 young (13312K), 0 survivors (0K)
 Metaspace       used 4813K, committed 4992K, reserved 1056768K
  class space    used 412K, committed 512K, reserved 1048576K
}
Event: 0.945 GC heap after
{Heap after GC invocations=1 (full 0):
 garbage-first heap   total 133120K, used 3638K [0x0000000780000000, 0x0000000800000000)
  region size 1024K, 2 young (2048K), 2 survivors (2048K)
 Metaspace       used 4813K, committed 4992K, reserved 1056768K
  class space    used 412K, committed 512K, reserved 1048576K
}
Event: 2.352 GC heap before
{Heap before GC invocations=1 (full 0):
 garbage-first heap   total 133120K, used 24118K [0x0000000780000000, 0x0000000800000000)
  region size 1024K, 22 young (22528K), 2 survivors (2048K)
 Metaspace       used 11655K, committed 11776K, reserved 1064960K
  class space    used 1480K, committed 1536K, reserved 1048576K
}
Event: 2.357 GC heap after
{Heap after GC invocations=2 (full 0):
 garbage-first heap   total 133120K, used 5398K [0x0000000780000000, 0x0000000800000000)
  region size 1024K, 2 young (2048K), 2 survivors (2048K)
 Metaspace       used 11655K, committed 11776K, reserved 1064960K
  class space    used 1480K, committed 1536K, reserved 1048576K
}
Event: 4.780 GC heap before
{Heap before GC invocations=2 (full 0):
 garbage-first heap   total 133120K, used 54550K [0x0000000780000000, 0x0000000800000000)
  region size 1024K, 39 young (39936K), 2 survivors (2048K)
 Metaspace       used 20391K, committed 20608K, reserved 1073152K
  class space    used 2666K, committed 2752K, reserved 1048576K
}
Event: 4.789 GC heap after
{Heap after GC invocations=3 (full 0):
 garbage-first heap   total 133120K, used 21688K [0x0000000780000000, 0x0000000800000000)
  region size 1024K, 5 young (5120K), 5 survivors (5120K)
 Metaspace       used 20391K, committed 20608K, reserved 1073152K
  class space    used 2666K, committed 2752K, reserved 1048576K
}
Event: 4.880 GC heap before
{Heap before GC invocations=3 (full 0):
 garbage-first heap   total 133120K, used 23736K [0x0000000780000000, 0x0000000800000000)
  region size 1024K, 8 young (8192K), 5 survivors (5120K)
 Metaspace       used 21090K, committed 21248K, reserved 1073152K
  class space    used 2727K, committed 2816K, reserved 1048576K
}
Event: 4.885 GC heap after
{Heap after GC invocations=4 (full 0):
 garbage-first heap   total 133120K, used 22497K [0x0000000780000000, 0x0000000800000000)
  region size 1024K, 5 young (5120K), 5 survivors (5120K)
 Metaspace       used 21090K, committed 21248K, reserved 1073152K
  class space    used 2727K, committed 2816K, reserved 1048576K
}

